2025-11-06T14:25:26.543+05:30  INFO 20860 --- [CourseService] [restartedMain] c.e.C.CourseServiceApplication           : Starting CourseServiceApplication using Java 24.0.2 with PID 20860 (C:\Users\LENOVO\OneDrive - Sails Software Solutions Pvt Ltd\Documents\CMS_Microservices\Course_Service\target\classes started by SAILS-DM552 in C:\Users\LENOVO\OneDrive - Sails Software Solutions Pvt Ltd\Documents\CMS_Microservices)
2025-11-06T14:25:26.548+05:30  INFO 20860 --- [CourseService] [restartedMain] c.e.C.CourseServiceApplication           : No active profile set, falling back to 1 default profile: "default"
2025-11-06T14:25:26.599+05:30  INFO 20860 --- [CourseService] [restartedMain] o.s.c.c.c.ConfigServerConfigDataLoader   : Fetching config from server at : http://localhost:8888
2025-11-06T14:25:26.599+05:30  INFO 20860 --- [CourseService] [restartedMain] o.s.c.c.c.ConfigServerConfigDataLoader   : Located environment: name=CourseService, profiles=[default], label=null, version=5963493ef0c198e384d2d378f428dc96926979d6, state=null
2025-11-06T14:25:26.601+05:30  INFO 20860 --- [CourseService] [restartedMain] .e.DevToolsPropertyDefaultsPostProcessor : Devtools property defaults active! Set 'spring.devtools.add-properties' to 'false' to disable
2025-11-06T14:25:26.601+05:30  INFO 20860 --- [CourseService] [restartedMain] .e.DevToolsPropertyDefaultsPostProcessor : For additional web related logging consider setting the 'logging.level.web' property to 'DEBUG'
2025-11-06T14:25:27.602+05:30  INFO 20860 --- [CourseService] [restartedMain] .s.d.r.c.RepositoryConfigurationDelegate : Bootstrapping Spring Data JPA repositories in DEFAULT mode.
2025-11-06T14:25:27.729+05:30  INFO 20860 --- [CourseService] [restartedMain] .s.d.r.c.RepositoryConfigurationDelegate : Finished Spring Data repository scanning in 119 ms. Found 3 JPA repository interfaces.
2025-11-06T14:25:28.067+05:30  INFO 20860 --- [CourseService] [restartedMain] o.s.cloud.context.scope.GenericScope     : BeanFactory id=6cd3d2de-aa4a-38f7-86e5-70913ddde97e
2025-11-06T14:25:28.788+05:30  INFO 20860 --- [CourseService] [restartedMain] o.s.b.w.embedded.tomcat.TomcatWebServer  : Tomcat initialized with port 8081 (http)
2025-11-06T14:25:28.803+05:30  INFO 20860 --- [CourseService] [restartedMain] o.apache.catalina.core.StandardService   : Starting service [Tomcat]
2025-11-06T14:25:28.803+05:30  INFO 20860 --- [CourseService] [restartedMain] o.apache.catalina.core.StandardEngine    : Starting Servlet engine: [Apache Tomcat/10.1.46]
2025-11-06T14:25:28.856+05:30  INFO 20860 --- [CourseService] [restartedMain] o.a.c.c.C.[Tomcat].[localhost].[/]       : Initializing Spring embedded WebApplicationContext
2025-11-06T14:25:28.856+05:30  INFO 20860 --- [CourseService] [restartedMain] w.s.c.ServletWebServerApplicationContext : Root WebApplicationContext: initialization completed in 2254 ms
2025-11-06T14:25:29.105+05:30  INFO 20860 --- [CourseService] [restartedMain] o.hibernate.jpa.internal.util.LogHelper  : HHH000204: Processing PersistenceUnitInfo [name: default]
2025-11-06T14:25:29.171+05:30  INFO 20860 --- [CourseService] [restartedMain] org.hibernate.Version                    : HHH000412: Hibernate ORM core version 6.6.29.Final
2025-11-06T14:25:29.207+05:30  INFO 20860 --- [CourseService] [restartedMain] o.h.c.internal.RegionFactoryInitiator    : HHH000026: Second-level cache disabled
2025-11-06T14:25:29.483+05:30  INFO 20860 --- [CourseService] [restartedMain] o.s.o.j.p.SpringPersistenceUnitInfo      : No LoadTimeWeaver setup: ignoring JPA class transformer
2025-11-06T14:25:29.530+05:30  INFO 20860 --- [CourseService] [restartedMain] com.zaxxer.hikari.HikariDataSource       : HikariPool-1 - Starting...
2025-11-06T14:25:29.788+05:30  INFO 20860 --- [CourseService] [restartedMain] com.zaxxer.hikari.pool.HikariPool        : HikariPool-1 - Added connection org.postgresql.jdbc.PgConnection@7ff1ddbf
2025-11-06T14:25:29.790+05:30  INFO 20860 --- [CourseService] [restartedMain] com.zaxxer.hikari.HikariDataSource       : HikariPool-1 - Start completed.
2025-11-06T14:25:29.829+05:30  WARN 20860 --- [CourseService] [restartedMain] org.hibernate.orm.deprecation            : HHH90000025: PostgreSQLDialect does not need to be specified explicitly using 'hibernate.dialect' (remove the property setting and it will be selected by default)
2025-11-06T14:25:29.847+05:30  INFO 20860 --- [CourseService] [restartedMain] org.hibernate.orm.connections.pooling    : HHH10001005: Database info:
	Database JDBC URL [Connecting through datasource 'HikariDataSource (HikariPool-1)']
	Database driver: undefined/unknown
	Database version: 17.6
	Autocommit mode: undefined/unknown
	Isolation level: undefined/unknown
	Minimum pool size: undefined/unknown
	Maximum pool size: undefined/unknown
2025-11-06T14:25:30.854+05:30  INFO 20860 --- [CourseService] [restartedMain] o.h.e.t.j.p.i.JtaPlatformInitiator       : HHH000489: No JTA platform available (set 'hibernate.transaction.jta.platform' to enable JTA platform integration)
2025-11-06T14:25:30.871+05:30 DEBUG 20860 --- [CourseService] [restartedMain] org.hibernate.SQL                        : 
    set client_min_messages = WARNING
2025-11-06T14:25:30.874+05:30 DEBUG 20860 --- [CourseService] [restartedMain] org.hibernate.SQL                        : 
    alter table if exists course 
       drop constraint if exists FKqk2yq2yk124dhlsilomy36qr9
2025-11-06T14:25:30.888+05:30 DEBUG 20860 --- [CourseService] [restartedMain] org.hibernate.SQL                        : 
    alter table if exists enrollment 
       drop constraint if exists FKbhhcqkw1px6yljqg92m0sh2gt
2025-11-06T14:25:30.890+05:30 DEBUG 20860 --- [CourseService] [restartedMain] org.hibernate.SQL                        : 
    alter table if exists enrollment 
       drop constraint if exists FKio7fsy3vhvfgv7c0gjk15nyk4
2025-11-06T14:25:30.892+05:30 DEBUG 20860 --- [CourseService] [restartedMain] org.hibernate.SQL                        : 
    drop table if exists course cascade
2025-11-06T14:25:30.900+05:30 DEBUG 20860 --- [CourseService] [restartedMain] org.hibernate.SQL                        : 
    drop table if exists enrollment cascade
2025-11-06T14:25:30.906+05:30 DEBUG 20860 --- [CourseService] [restartedMain] org.hibernate.SQL                        : 
    drop table if exists instructor cascade
2025-11-06T14:25:30.910+05:30 DEBUG 20860 --- [CourseService] [restartedMain] org.hibernate.SQL                        : 
    drop table if exists student cascade
2025-11-06T14:25:30.921+05:30 DEBUG 20860 --- [CourseService] [restartedMain] org.hibernate.SQL                        : 
    create table course (
        rating float(53),
        id bigint generated by default as identity,
        instructor_id bigint,
        description varchar(255),
        title varchar(255),
        primary key (id)
    )
2025-11-06T14:25:30.945+05:30 DEBUG 20860 --- [CourseService] [restartedMain] org.hibernate.SQL                        : 
    create table enrollment (
        progress float(53) not null,
        course_id bigint,
        id bigint generated by default as identity,
        student_id bigint,
        primary key (id)
    )
2025-11-06T14:25:30.949+05:30 DEBUG 20860 --- [CourseService] [restartedMain] org.hibernate.SQL                        : 
    create table instructor (
        id bigint generated by default as identity,
        expertise varchar(255),
        name varchar(255),
        primary key (id)
    )
2025-11-06T14:25:30.954+05:30 DEBUG 20860 --- [CourseService] [restartedMain] org.hibernate.SQL                        : 
    create table student (
        id bigint generated by default as identity,
        email varchar(255),
        name varchar(255),
        primary key (id)
    )
2025-11-06T14:25:30.961+05:30 DEBUG 20860 --- [CourseService] [restartedMain] org.hibernate.SQL                        : 
    alter table if exists course 
       add constraint FKqk2yq2yk124dhlsilomy36qr9 
       foreign key (instructor_id) 
       references instructor
2025-11-06T14:25:30.970+05:30 DEBUG 20860 --- [CourseService] [restartedMain] org.hibernate.SQL                        : 
    alter table if exists enrollment 
       add constraint FKbhhcqkw1px6yljqg92m0sh2gt 
       foreign key (course_id) 
       references course
2025-11-06T14:25:30.973+05:30 DEBUG 20860 --- [CourseService] [restartedMain] org.hibernate.SQL                        : 
    alter table if exists enrollment 
       add constraint FKio7fsy3vhvfgv7c0gjk15nyk4 
       foreign key (student_id) 
       references student
2025-11-06T14:25:30.979+05:30  INFO 20860 --- [CourseService] [restartedMain] j.LocalContainerEntityManagerFactoryBean : Initialized JPA EntityManagerFactory for persistence unit 'default'
2025-11-06T14:25:31.347+05:30  INFO 20860 --- [CourseService] [restartedMain] o.s.d.j.r.query.QueryEnhancerFactory     : Hibernate is in classpath; If applicable, HQL parser will be used.
2025-11-06T14:25:32.236+05:30  WARN 20860 --- [CourseService] [restartedMain] JpaBaseConfiguration$JpaWebConfiguration : spring.jpa.open-in-view is enabled by default. Therefore, database queries may be performed during view rendering. Explicitly configure spring.jpa.open-in-view to disable this warning
2025-11-06T14:25:33.482+05:30  WARN 20860 --- [CourseService] [restartedMain] o.s.b.d.a.OptionalLiveReloadServer       : Unable to start LiveReload server
2025-11-06T14:25:33.606+05:30  INFO 20860 --- [CourseService] [restartedMain] DiscoveryClientOptionalArgsConfiguration : Eureka HTTP Client uses RestTemplate.
2025-11-06T14:25:33.760+05:30  WARN 20860 --- [CourseService] [restartedMain] iguration$LoadBalancerCaffeineWarnLogger : Spring Cloud LoadBalancer is currently working with the default cache. While this cache implementation is useful for development and tests, it's recommended to use Caffeine cache in production.You can switch to using Caffeine cache, by adding it and org.springframework.cache.caffeine.CaffeineCacheManager to the classpath.
2025-11-06T14:25:33.885+05:30  INFO 20860 --- [CourseService] [restartedMain] o.s.c.n.eureka.InstanceInfoFactory       : Setting initial instance status as: STARTING
2025-11-06T14:25:33.918+05:30  INFO 20860 --- [CourseService] [restartedMain] com.netflix.discovery.DiscoveryClient    : Initializing Eureka in region us-east-1
2025-11-06T14:25:33.922+05:30  INFO 20860 --- [CourseService] [restartedMain] c.n.d.s.r.aws.ConfigClusterResolver      : Resolving eureka endpoints via configuration
2025-11-06T14:25:33.933+05:30  INFO 20860 --- [CourseService] [restartedMain] com.netflix.discovery.DiscoveryClient    : Disable delta property : false
2025-11-06T14:25:33.933+05:30  INFO 20860 --- [CourseService] [restartedMain] com.netflix.discovery.DiscoveryClient    : Single vip registry refresh property : null
2025-11-06T14:25:33.933+05:30  INFO 20860 --- [CourseService] [restartedMain] com.netflix.discovery.DiscoveryClient    : Force full registry fetch : false
2025-11-06T14:25:33.933+05:30  INFO 20860 --- [CourseService] [restartedMain] com.netflix.discovery.DiscoveryClient    : Application is null : false
2025-11-06T14:25:33.933+05:30  INFO 20860 --- [CourseService] [restartedMain] com.netflix.discovery.DiscoveryClient    : Registered Applications size is zero : true
2025-11-06T14:25:33.933+05:30  INFO 20860 --- [CourseService] [restartedMain] com.netflix.discovery.DiscoveryClient    : Application version is -1: true
2025-11-06T14:25:33.933+05:30  INFO 20860 --- [CourseService] [restartedMain] com.netflix.discovery.DiscoveryClient    : Getting all instance registry info from the eureka server
2025-11-06T14:25:34.307+05:30  INFO 20860 --- [CourseService] [restartedMain] com.netflix.discovery.DiscoveryClient    : The response status is 200
2025-11-06T14:25:34.309+05:30  INFO 20860 --- [CourseService] [restartedMain] com.netflix.discovery.DiscoveryClient    : Starting heartbeat executor: renew interval is: 30
2025-11-06T14:25:34.311+05:30  INFO 20860 --- [CourseService] [restartedMain] c.n.discovery.InstanceInfoReplicator     : InstanceInfoReplicator onDemand update allowed rate per min is 4
2025-11-06T14:25:34.312+05:30  INFO 20860 --- [CourseService] [restartedMain] com.netflix.discovery.DiscoveryClient    : Discovery Client initialized at timestamp 1762419334312 with initial instances count: 1
2025-11-06T14:25:34.328+05:30  INFO 20860 --- [CourseService] [restartedMain] o.s.c.n.e.s.EurekaServiceRegistry        : Registering application COURSESERVICE with eureka with status UP
2025-11-06T14:25:34.329+05:30  INFO 20860 --- [CourseService] [restartedMain] com.netflix.discovery.DiscoveryClient    : Saw local status change event StatusChangeEvent [timestamp=1762419334329, current=UP, previous=STARTING]
2025-11-06T14:25:34.331+05:30  INFO 20860 --- [CourseService] [DiscoveryClient-InstanceInfoReplicator-%d] com.netflix.discovery.DiscoveryClient    : DiscoveryClient_COURSESERVICE/host.docker.internal:CourseService:8081: registering service...
2025-11-06T14:25:34.352+05:30  INFO 20860 --- [CourseService] [restartedMain] o.s.b.w.embedded.tomcat.TomcatWebServer  : Tomcat started on port 8081 (http) with context path '/'
2025-11-06T14:25:34.353+05:30  INFO 20860 --- [CourseService] [restartedMain] .s.c.n.e.s.EurekaAutoServiceRegistration : Updating port to 8081
2025-11-06T14:25:34.373+05:30  INFO 20860 --- [CourseService] [restartedMain] c.e.C.CourseServiceApplication           : Started CourseServiceApplication in 9.585 seconds (process running for 10.79)
2025-11-06T14:25:34.379+05:30  INFO 20860 --- [CourseService] [DiscoveryClient-InstanceInfoReplicator-%d] com.netflix.discovery.DiscoveryClient    : DiscoveryClient_COURSESERVICE/host.docker.internal:CourseService:8081 - registration status: 204
2025-11-06T14:30:33.937+05:30  INFO 20860 --- [CourseService] [AsyncResolver-bootstrap-executor-%d] c.n.d.s.r.aws.ConfigClusterResolver      : Resolving eureka endpoints via configuration
2025-11-06T14:35:33.938+05:30  INFO 20860 --- [CourseService] [AsyncResolver-bootstrap-executor-%d] c.n.d.s.r.aws.ConfigClusterResolver      : Resolving eureka endpoints via configuration
2025-11-06T14:40:33.940+05:30  INFO 20860 --- [CourseService] [AsyncResolver-bootstrap-executor-%d] c.n.d.s.r.aws.ConfigClusterResolver      : Resolving eureka endpoints via configuration
2025-11-06T14:45:33.941+05:30  INFO 20860 --- [CourseService] [AsyncResolver-bootstrap-executor-%d] c.n.d.s.r.aws.ConfigClusterResolver      : Resolving eureka endpoints via configuration
2025-11-06T14:50:33.943+05:30  INFO 20860 --- [CourseService] [AsyncResolver-bootstrap-executor-%d] c.n.d.s.r.aws.ConfigClusterResolver      : Resolving eureka endpoints via configuration
2025-11-06T14:55:33.944+05:30  INFO 20860 --- [CourseService] [AsyncResolver-bootstrap-executor-%d] c.n.d.s.r.aws.ConfigClusterResolver      : Resolving eureka endpoints via configuration
2025-11-06T15:00:33.946+05:30  INFO 20860 --- [CourseService] [AsyncResolver-bootstrap-executor-%d] c.n.d.s.r.aws.ConfigClusterResolver      : Resolving eureka endpoints via configuration
2025-11-06T15:03:39.617+05:30  INFO 20860 --- [CourseService] [File Watcher] rtingClassPathChangeChangedEventListener : Restarting due to 25 class path changes (0 additions, 23 deletions, 2 modifications)
2025-11-06T15:03:39.618+05:30  INFO 20860 --- [CourseService] [Thread-1] o.s.c.n.e.s.EurekaServiceRegistry        : Unregistering application COURSESERVICE with eureka with status DOWN
2025-11-06T15:03:39.618+05:30  INFO 20860 --- [CourseService] [Thread-1] com.netflix.discovery.DiscoveryClient    : Saw local status change event StatusChangeEvent [timestamp=1762421619618, current=DOWN, previous=UP]
2025-11-06T15:03:39.618+05:30  INFO 20860 --- [CourseService] [DiscoveryClient-InstanceInfoReplicator-%d] com.netflix.discovery.DiscoveryClient    : DiscoveryClient_COURSESERVICE/host.docker.internal:CourseService:8081: registering service...
2025-11-06T15:03:39.621+05:30  INFO 20860 --- [CourseService] [Thread-1] o.s.b.w.e.tomcat.GracefulShutdown        : Commencing graceful shutdown. Waiting for active requests to complete
2025-11-06T15:03:39.627+05:30  INFO 20860 --- [CourseService] [DiscoveryClient-InstanceInfoReplicator-%d] com.netflix.discovery.DiscoveryClient    : DiscoveryClient_COURSESERVICE/host.docker.internal:CourseService:8081 - registration status: 204
2025-11-06T15:03:39.629+05:30  INFO 20860 --- [CourseService] [tomcat-shutdown] o.s.b.w.e.tomcat.GracefulShutdown        : Graceful shutdown complete
2025-11-06T15:03:39.658+05:30  INFO 20860 --- [CourseService] [Thread-1] j.LocalContainerEntityManagerFactoryBean : Closing JPA EntityManagerFactory for persistence unit 'default'
2025-11-06T15:03:39.659+05:30 DEBUG 20860 --- [CourseService] [Thread-1] org.hibernate.SQL                        : 
    set client_min_messages = WARNING
2025-11-06T15:03:39.660+05:30 DEBUG 20860 --- [CourseService] [Thread-1] org.hibernate.SQL                        : 
    alter table if exists course 
       drop constraint if exists FKqk2yq2yk124dhlsilomy36qr9
2025-11-06T15:03:39.663+05:30 DEBUG 20860 --- [CourseService] [Thread-1] org.hibernate.SQL                        : 
    alter table if exists enrollment 
       drop constraint if exists FKbhhcqkw1px6yljqg92m0sh2gt
2025-11-06T15:03:39.664+05:30 DEBUG 20860 --- [CourseService] [Thread-1] org.hibernate.SQL                        : 
    alter table if exists enrollment 
       drop constraint if exists FKio7fsy3vhvfgv7c0gjk15nyk4
2025-11-06T15:03:39.664+05:30 DEBUG 20860 --- [CourseService] [Thread-1] org.hibernate.SQL                        : 
    drop table if exists course cascade
2025-11-06T15:03:39.670+05:30 DEBUG 20860 --- [CourseService] [Thread-1] org.hibernate.SQL                        : 
    drop table if exists enrollment cascade
2025-11-06T15:03:39.672+05:30 DEBUG 20860 --- [CourseService] [Thread-1] org.hibernate.SQL                        : 
    drop table if exists instructor cascade
2025-11-06T15:03:39.677+05:30 DEBUG 20860 --- [CourseService] [Thread-1] org.hibernate.SQL                        : 
    drop table if exists student cascade
2025-11-06T15:03:39.683+05:30  INFO 20860 --- [CourseService] [Thread-1] com.zaxxer.hikari.HikariDataSource       : HikariPool-1 - Shutdown initiated...
2025-11-06T15:03:39.685+05:30  INFO 20860 --- [CourseService] [Thread-1] com.zaxxer.hikari.HikariDataSource       : HikariPool-1 - Shutdown completed.
2025-11-06T15:03:39.686+05:30  INFO 20860 --- [CourseService] [Thread-1] com.netflix.discovery.DiscoveryClient    : Shutting down DiscoveryClient ...
2025-11-06T15:03:42.687+05:30  INFO 20860 --- [CourseService] [Thread-1] com.netflix.discovery.DiscoveryClient    : Unregistering ...
2025-11-06T15:03:42.698+05:30  INFO 20860 --- [CourseService] [Thread-1] com.netflix.discovery.DiscoveryClient    : DiscoveryClient_COURSESERVICE/host.docker.internal:CourseService:8081 - deregister  status: 200
2025-11-06T15:03:42.699+05:30  INFO 20860 --- [CourseService] [Thread-1] com.netflix.discovery.DiscoveryClient    : Completed shut down of DiscoveryClient
2025-11-06T15:03:43.072+05:30  INFO 20860 --- [CourseService] [restartedMain] c.e.C.CourseServiceApplication           : Starting CourseServiceApplication using Java 24.0.2 with PID 20860 (C:\Users\LENOVO\OneDrive - Sails Software Solutions Pvt Ltd\Documents\CMS_Microservices\Course_Service\target\classes started by SAILS-DM552 in C:\Users\LENOVO\OneDrive - Sails Software Solutions Pvt Ltd\Documents\CMS_Microservices)
2025-11-06T15:03:43.073+05:30  INFO 20860 --- [CourseService] [restartedMain] c.e.C.CourseServiceApplication           : No active profile set, falling back to 1 default profile: "default"
2025-11-06T15:03:43.079+05:30  INFO 20860 --- [CourseService] [restartedMain] o.s.c.c.c.ConfigServerConfigDataLoader   : Fetching config from server at : http://localhost:8888
2025-11-06T15:03:43.079+05:30  INFO 20860 --- [CourseService] [restartedMain] o.s.c.c.c.ConfigServerConfigDataLoader   : Located environment: name=CourseService, profiles=[default], label=null, version=5963493ef0c198e384d2d378f428dc96926979d6, state=null
2025-11-06T15:03:43.527+05:30  INFO 20860 --- [CourseService] [restartedMain] .s.d.r.c.RepositoryConfigurationDelegate : Bootstrapping Spring Data JPA repositories in DEFAULT mode.
2025-11-06T15:03:43.543+05:30  INFO 20860 --- [CourseService] [restartedMain] .s.d.r.c.RepositoryConfigurationDelegate : Finished Spring Data repository scanning in 13 ms. Found 3 JPA repository interfaces.
2025-11-06T15:03:43.753+05:30  INFO 20860 --- [CourseService] [restartedMain] o.s.cloud.context.scope.GenericScope     : BeanFactory id=6cd3d2de-aa4a-38f7-86e5-70913ddde97e
2025-11-06T15:03:44.106+05:30  INFO 20860 --- [CourseService] [restartedMain] o.s.b.w.embedded.tomcat.TomcatWebServer  : Tomcat initialized with port 8081 (http)
2025-11-06T15:03:44.111+05:30  INFO 20860 --- [CourseService] [restartedMain] o.apache.catalina.core.StandardService   : Starting service [Tomcat]
2025-11-06T15:03:44.113+05:30  INFO 20860 --- [CourseService] [restartedMain] o.apache.catalina.core.StandardEngine    : Starting Servlet engine: [Apache Tomcat/10.1.46]
2025-11-06T15:03:44.185+05:30  INFO 20860 --- [CourseService] [restartedMain] o.a.c.c.C.[Tomcat].[localhost].[/]       : Initializing Spring embedded WebApplicationContext
2025-11-06T15:03:44.186+05:30  INFO 20860 --- [CourseService] [restartedMain] w.s.c.ServletWebServerApplicationContext : Root WebApplicationContext: initialization completed in 1107 ms
2025-11-06T15:03:44.411+05:30  INFO 20860 --- [CourseService] [restartedMain] o.hibernate.jpa.internal.util.LogHelper  : HHH000204: Processing PersistenceUnitInfo [name: default]
2025-11-06T15:03:44.425+05:30  INFO 20860 --- [CourseService] [restartedMain] o.h.c.internal.RegionFactoryInitiator    : HHH000026: Second-level cache disabled
2025-11-06T15:03:44.448+05:30  INFO 20860 --- [CourseService] [restartedMain] o.s.o.j.p.SpringPersistenceUnitInfo      : No LoadTimeWeaver setup: ignoring JPA class transformer
2025-11-06T15:03:44.451+05:30  INFO 20860 --- [CourseService] [restartedMain] com.zaxxer.hikari.HikariDataSource       : HikariPool-2 - Starting...
2025-11-06T15:03:44.543+05:30  INFO 20860 --- [CourseService] [restartedMain] com.zaxxer.hikari.pool.HikariPool        : HikariPool-2 - Added connection org.postgresql.jdbc.PgConnection@66c7cb93
2025-11-06T15:03:44.544+05:30  INFO 20860 --- [CourseService] [restartedMain] com.zaxxer.hikari.HikariDataSource       : HikariPool-2 - Start completed.
2025-11-06T15:03:44.556+05:30  WARN 20860 --- [CourseService] [restartedMain] org.hibernate.orm.deprecation            : HHH90000025: PostgreSQLDialect does not need to be specified explicitly using 'hibernate.dialect' (remove the property setting and it will be selected by default)
2025-11-06T15:03:44.559+05:30  INFO 20860 --- [CourseService] [restartedMain] org.hibernate.orm.connections.pooling    : HHH10001005: Database info:
	Database JDBC URL [Connecting through datasource 'HikariDataSource (HikariPool-2)']
	Database driver: undefined/unknown
	Database version: 17.6
	Autocommit mode: undefined/unknown
	Isolation level: undefined/unknown
	Minimum pool size: undefined/unknown
	Maximum pool size: undefined/unknown
2025-11-06T15:03:44.748+05:30  INFO 20860 --- [CourseService] [restartedMain] o.h.e.t.j.p.i.JtaPlatformInitiator       : HHH000489: No JTA platform available (set 'hibernate.transaction.jta.platform' to enable JTA platform integration)
2025-11-06T15:03:44.748+05:30 DEBUG 20860 --- [CourseService] [restartedMain] org.hibernate.SQL                        : 
    set client_min_messages = WARNING
2025-11-06T15:03:44.749+05:30 DEBUG 20860 --- [CourseService] [restartedMain] org.hibernate.SQL                        : 
    alter table if exists course 
       drop constraint if exists FKqk2yq2yk124dhlsilomy36qr9
2025-11-06T15:03:44.749+05:30 DEBUG 20860 --- [CourseService] [restartedMain] org.hibernate.SQL                        : 
    alter table if exists enrollment 
       drop constraint if exists FKbhhcqkw1px6yljqg92m0sh2gt
2025-11-06T15:03:44.750+05:30 DEBUG 20860 --- [CourseService] [restartedMain] org.hibernate.SQL                        : 
    alter table if exists enrollment 
       drop constraint if exists FKio7fsy3vhvfgv7c0gjk15nyk4
2025-11-06T15:03:44.751+05:30 DEBUG 20860 --- [CourseService] [restartedMain] org.hibernate.SQL                        : 
    drop table if exists course cascade
2025-11-06T15:03:44.751+05:30 DEBUG 20860 --- [CourseService] [restartedMain] org.hibernate.SQL                        : 
    drop table if exists enrollment cascade
2025-11-06T15:03:44.752+05:30 DEBUG 20860 --- [CourseService] [restartedMain] org.hibernate.SQL                        : 
    drop table if exists instructor cascade
2025-11-06T15:03:44.753+05:30 DEBUG 20860 --- [CourseService] [restartedMain] org.hibernate.SQL                        : 
    drop table if exists student cascade
2025-11-06T15:03:44.754+05:30 DEBUG 20860 --- [CourseService] [restartedMain] org.hibernate.SQL                        : 
    create table course (
        rating float(53),
        id bigint generated by default as identity,
        instructor_id bigint,
        description varchar(255),
        title varchar(255),
        primary key (id)
    )
2025-11-06T15:03:44.807+05:30 DEBUG 20860 --- [CourseService] [restartedMain] org.hibernate.SQL                        : 
    create table enrollment (
        progress float(53) not null,
        course_id bigint,
        id bigint generated by default as identity,
        student_id bigint,
        primary key (id)
    )
2025-11-06T15:03:44.813+05:30 DEBUG 20860 --- [CourseService] [restartedMain] org.hibernate.SQL                        : 
    create table instructor (
        id bigint generated by default as identity,
        expertise varchar(255),
        name varchar(255),
        primary key (id)
    )
2025-11-06T15:03:44.826+05:30 DEBUG 20860 --- [CourseService] [restartedMain] org.hibernate.SQL                        : 
    create table student (
        id bigint generated by default as identity,
        email varchar(255),
        name varchar(255),
        primary key (id)
    )
2025-11-06T15:03:44.837+05:30 DEBUG 20860 --- [CourseService] [restartedMain] org.hibernate.SQL                        : 
    alter table if exists course 
       add constraint FKqk2yq2yk124dhlsilomy36qr9 
       foreign key (instructor_id) 
       references instructor
2025-11-06T15:03:44.844+05:30 DEBUG 20860 --- [CourseService] [restartedMain] org.hibernate.SQL                        : 
    alter table if exists enrollment 
       add constraint FKbhhcqkw1px6yljqg92m0sh2gt 
       foreign key (course_id) 
       references course
2025-11-06T15:03:44.848+05:30 DEBUG 20860 --- [CourseService] [restartedMain] org.hibernate.SQL                        : 
    alter table if exists enrollment 
       add constraint FKio7fsy3vhvfgv7c0gjk15nyk4 
       foreign key (student_id) 
       references student
2025-11-06T15:03:44.854+05:30  INFO 20860 --- [CourseService] [restartedMain] j.LocalContainerEntityManagerFactoryBean : Initialized JPA EntityManagerFactory for persistence unit 'default'
2025-11-06T15:03:45.912+05:30  WARN 20860 --- [CourseService] [restartedMain] JpaBaseConfiguration$JpaWebConfiguration : spring.jpa.open-in-view is enabled by default. Therefore, database queries may be performed during view rendering. Explicitly configure spring.jpa.open-in-view to disable this warning
2025-11-06T15:03:47.417+05:30  WARN 20860 --- [CourseService] [restartedMain] o.s.b.d.a.OptionalLiveReloadServer       : Unable to start LiveReload server
2025-11-06T15:03:47.575+05:30  INFO 20860 --- [CourseService] [restartedMain] DiscoveryClientOptionalArgsConfiguration : Eureka HTTP Client uses RestTemplate.
2025-11-06T15:03:47.692+05:30  WARN 20860 --- [CourseService] [restartedMain] iguration$LoadBalancerCaffeineWarnLogger : Spring Cloud LoadBalancer is currently working with the default cache. While this cache implementation is useful for development and tests, it's recommended to use Caffeine cache in production.You can switch to using Caffeine cache, by adding it and org.springframework.cache.caffeine.CaffeineCacheManager to the classpath.
2025-11-06T15:03:47.721+05:30  INFO 20860 --- [CourseService] [restartedMain] o.s.c.n.eureka.InstanceInfoFactory       : Setting initial instance status as: STARTING
2025-11-06T15:03:47.727+05:30  INFO 20860 --- [CourseService] [restartedMain] com.netflix.discovery.DiscoveryClient    : Initializing Eureka in region us-east-1
2025-11-06T15:03:47.727+05:30  INFO 20860 --- [CourseService] [restartedMain] c.n.d.s.r.aws.ConfigClusterResolver      : Resolving eureka endpoints via configuration
2025-11-06T15:03:47.727+05:30  INFO 20860 --- [CourseService] [restartedMain] com.netflix.discovery.DiscoveryClient    : Disable delta property : false
2025-11-06T15:03:47.727+05:30  INFO 20860 --- [CourseService] [restartedMain] com.netflix.discovery.DiscoveryClient    : Single vip registry refresh property : null
2025-11-06T15:03:47.727+05:30  INFO 20860 --- [CourseService] [restartedMain] com.netflix.discovery.DiscoveryClient    : Force full registry fetch : false
2025-11-06T15:03:47.727+05:30  INFO 20860 --- [CourseService] [restartedMain] com.netflix.discovery.DiscoveryClient    : Application is null : false
2025-11-06T15:03:47.727+05:30  INFO 20860 --- [CourseService] [restartedMain] com.netflix.discovery.DiscoveryClient    : Registered Applications size is zero : true
2025-11-06T15:03:47.727+05:30  INFO 20860 --- [CourseService] [restartedMain] com.netflix.discovery.DiscoveryClient    : Application version is -1: true
2025-11-06T15:03:47.727+05:30  INFO 20860 --- [CourseService] [restartedMain] com.netflix.discovery.DiscoveryClient    : Getting all instance registry info from the eureka server
2025-11-06T15:03:47.771+05:30  INFO 20860 --- [CourseService] [restartedMain] com.netflix.discovery.DiscoveryClient    : The response status is 200
2025-11-06T15:03:47.771+05:30  INFO 20860 --- [CourseService] [restartedMain] com.netflix.discovery.DiscoveryClient    : Starting heartbeat executor: renew interval is: 30
2025-11-06T15:03:47.771+05:30  INFO 20860 --- [CourseService] [restartedMain] c.n.discovery.InstanceInfoReplicator     : InstanceInfoReplicator onDemand update allowed rate per min is 4
2025-11-06T15:03:47.771+05:30  INFO 20860 --- [CourseService] [restartedMain] com.netflix.discovery.DiscoveryClient    : Discovery Client initialized at timestamp 1762421627771 with initial instances count: 4
2025-11-06T15:03:47.784+05:30  INFO 20860 --- [CourseService] [restartedMain] o.s.c.n.e.s.EurekaServiceRegistry        : Registering application COURSESERVICE with eureka with status UP
2025-11-06T15:03:47.784+05:30  INFO 20860 --- [CourseService] [restartedMain] com.netflix.discovery.DiscoveryClient    : Saw local status change event StatusChangeEvent [timestamp=1762421627784, current=UP, previous=STARTING]
2025-11-06T15:03:47.784+05:30  INFO 20860 --- [CourseService] [DiscoveryClient-InstanceInfoReplicator-%d] com.netflix.discovery.DiscoveryClient    : DiscoveryClient_COURSESERVICE/host.docker.internal:CourseService:8081: registering service...
2025-11-06T15:03:47.787+05:30  INFO 20860 --- [CourseService] [restartedMain] o.s.b.w.embedded.tomcat.TomcatWebServer  : Tomcat started on port 8081 (http) with context path '/'
2025-11-06T15:03:47.788+05:30  INFO 20860 --- [CourseService] [restartedMain] .s.c.n.e.s.EurekaAutoServiceRegistration : Updating port to 8081
2025-11-06T15:03:47.795+05:30  INFO 20860 --- [CourseService] [DiscoveryClient-InstanceInfoReplicator-%d] com.netflix.discovery.DiscoveryClient    : DiscoveryClient_COURSESERVICE/host.docker.internal:CourseService:8081 - registration status: 204
2025-11-06T15:03:47.802+05:30  INFO 20860 --- [CourseService] [restartedMain] c.e.C.CourseServiceApplication           : Started CourseServiceApplication in 4.903 seconds (process running for 2304.218)
2025-11-06T15:03:47.805+05:30  INFO 20860 --- [CourseService] [restartedMain] .ConditionEvaluationDeltaLoggingListener : Condition evaluation unchanged
2025-11-06T15:03:48.832+05:30  INFO 20860 --- [CourseService] [File Watcher] rtingClassPathChangeChangedEventListener : Restarting due to 23 class path changes (23 additions, 0 deletions, 0 modifications)
2025-11-06T15:03:48.833+05:30  INFO 20860 --- [CourseService] [Thread-7] o.s.c.n.e.s.EurekaServiceRegistry        : Unregistering application COURSESERVICE with eureka with status DOWN
2025-11-06T15:03:48.834+05:30  INFO 20860 --- [CourseService] [Thread-7] com.netflix.discovery.DiscoveryClient    : Saw local status change event StatusChangeEvent [timestamp=1762421628834, current=DOWN, previous=UP]
2025-11-06T15:03:48.834+05:30  INFO 20860 --- [CourseService] [DiscoveryClient-InstanceInfoReplicator-%d] com.netflix.discovery.DiscoveryClient    : DiscoveryClient_COURSESERVICE/host.docker.internal:CourseService:8081: registering service...
2025-11-06T15:03:48.834+05:30  INFO 20860 --- [CourseService] [Thread-7] o.s.b.w.e.tomcat.GracefulShutdown        : Commencing graceful shutdown. Waiting for active requests to complete
2025-11-06T15:03:48.837+05:30  INFO 20860 --- [CourseService] [DiscoveryClient-InstanceInfoReplicator-%d] com.netflix.discovery.DiscoveryClient    : DiscoveryClient_COURSESERVICE/host.docker.internal:CourseService:8081 - registration status: 204
2025-11-06T15:03:48.841+05:30  INFO 20860 --- [CourseService] [tomcat-shutdown] o.s.b.w.e.tomcat.GracefulShutdown        : Graceful shutdown complete
2025-11-06T15:03:48.845+05:30  INFO 20860 --- [CourseService] [Thread-7] j.LocalContainerEntityManagerFactoryBean : Closing JPA EntityManagerFactory for persistence unit 'default'
2025-11-06T15:03:48.846+05:30 DEBUG 20860 --- [CourseService] [Thread-7] org.hibernate.SQL                        : 
    set client_min_messages = WARNING
2025-11-06T15:03:48.847+05:30 DEBUG 20860 --- [CourseService] [Thread-7] org.hibernate.SQL                        : 
    alter table if exists course 
       drop constraint if exists FKqk2yq2yk124dhlsilomy36qr9
2025-11-06T15:03:48.848+05:30 DEBUG 20860 --- [CourseService] [Thread-7] org.hibernate.SQL                        : 
    alter table if exists enrollment 
       drop constraint if exists FKbhhcqkw1px6yljqg92m0sh2gt
2025-11-06T15:03:48.849+05:30 DEBUG 20860 --- [CourseService] [Thread-7] org.hibernate.SQL                        : 
    alter table if exists enrollment 
       drop constraint if exists FKio7fsy3vhvfgv7c0gjk15nyk4
2025-11-06T15:03:48.851+05:30 DEBUG 20860 --- [CourseService] [Thread-7] org.hibernate.SQL                        : 
    drop table if exists course cascade
2025-11-06T15:03:48.857+05:30 DEBUG 20860 --- [CourseService] [Thread-7] org.hibernate.SQL                        : 
    drop table if exists enrollment cascade
2025-11-06T15:03:48.862+05:30 DEBUG 20860 --- [CourseService] [Thread-7] org.hibernate.SQL                        : 
    drop table if exists instructor cascade
2025-11-06T15:03:48.867+05:30 DEBUG 20860 --- [CourseService] [Thread-7] org.hibernate.SQL                        : 
    drop table if exists student cascade
2025-11-06T15:03:48.872+05:30  INFO 20860 --- [CourseService] [Thread-7] com.zaxxer.hikari.HikariDataSource       : HikariPool-2 - Shutdown initiated...
2025-11-06T15:03:48.876+05:30  INFO 20860 --- [CourseService] [Thread-7] com.zaxxer.hikari.HikariDataSource       : HikariPool-2 - Shutdown completed.
2025-11-06T15:03:48.877+05:30  INFO 20860 --- [CourseService] [Thread-7] com.netflix.discovery.DiscoveryClient    : Shutting down DiscoveryClient ...
2025-11-06T15:03:51.879+05:30  INFO 20860 --- [CourseService] [Thread-7] com.netflix.discovery.DiscoveryClient    : Unregistering ...
2025-11-06T15:03:51.890+05:30  INFO 20860 --- [CourseService] [Thread-7] com.netflix.discovery.DiscoveryClient    : DiscoveryClient_COURSESERVICE/host.docker.internal:CourseService:8081 - deregister  status: 200
2025-11-06T15:03:51.890+05:30  INFO 20860 --- [CourseService] [Thread-7] com.netflix.discovery.DiscoveryClient    : Completed shut down of DiscoveryClient
2025-11-06T15:03:52.188+05:30  INFO 20860 --- [CourseService] [restartedMain] c.e.C.CourseServiceApplication           : Starting CourseServiceApplication using Java 24.0.2 with PID 20860 (C:\Users\LENOVO\OneDrive - Sails Software Solutions Pvt Ltd\Documents\CMS_Microservices\Course_Service\target\classes started by SAILS-DM552 in C:\Users\LENOVO\OneDrive - Sails Software Solutions Pvt Ltd\Documents\CMS_Microservices)
2025-11-06T15:03:52.188+05:30  INFO 20860 --- [CourseService] [restartedMain] c.e.C.CourseServiceApplication           : No active profile set, falling back to 1 default profile: "default"
2025-11-06T15:03:52.190+05:30  INFO 20860 --- [CourseService] [restartedMain] o.s.c.c.c.ConfigServerConfigDataLoader   : Fetching config from server at : http://localhost:8888
2025-11-06T15:03:52.190+05:30  INFO 20860 --- [CourseService] [restartedMain] o.s.c.c.c.ConfigServerConfigDataLoader   : Located environment: name=CourseService, profiles=[default], label=null, version=5963493ef0c198e384d2d378f428dc96926979d6, state=null
2025-11-06T15:03:52.498+05:30  INFO 20860 --- [CourseService] [restartedMain] .s.d.r.c.RepositoryConfigurationDelegate : Bootstrapping Spring Data JPA repositories in DEFAULT mode.
2025-11-06T15:03:52.510+05:30  INFO 20860 --- [CourseService] [restartedMain] .s.d.r.c.RepositoryConfigurationDelegate : Finished Spring Data repository scanning in 10 ms. Found 3 JPA repository interfaces.
2025-11-06T15:03:52.590+05:30  INFO 20860 --- [CourseService] [restartedMain] o.s.cloud.context.scope.GenericScope     : BeanFactory id=6cd3d2de-aa4a-38f7-86e5-70913ddde97e
2025-11-06T15:03:52.795+05:30  INFO 20860 --- [CourseService] [restartedMain] o.s.b.w.embedded.tomcat.TomcatWebServer  : Tomcat initialized with port 8081 (http)
2025-11-06T15:03:52.796+05:30  INFO 20860 --- [CourseService] [restartedMain] o.apache.catalina.core.StandardService   : Starting service [Tomcat]
2025-11-06T15:03:52.796+05:30  INFO 20860 --- [CourseService] [restartedMain] o.apache.catalina.core.StandardEngine    : Starting Servlet engine: [Apache Tomcat/10.1.46]
2025-11-06T15:03:52.838+05:30  INFO 20860 --- [CourseService] [restartedMain] o.a.c.c.C.[Tomcat].[localhost].[/]       : Initializing Spring embedded WebApplicationContext
2025-11-06T15:03:52.838+05:30  INFO 20860 --- [CourseService] [restartedMain] w.s.c.ServletWebServerApplicationContext : Root WebApplicationContext: initialization completed in 646 ms
2025-11-06T15:03:52.993+05:30  INFO 20860 --- [CourseService] [restartedMain] o.hibernate.jpa.internal.util.LogHelper  : HHH000204: Processing PersistenceUnitInfo [name: default]
2025-11-06T15:03:52.997+05:30  INFO 20860 --- [CourseService] [restartedMain] o.h.c.internal.RegionFactoryInitiator    : HHH000026: Second-level cache disabled
2025-11-06T15:03:53.005+05:30  INFO 20860 --- [CourseService] [restartedMain] o.s.o.j.p.SpringPersistenceUnitInfo      : No LoadTimeWeaver setup: ignoring JPA class transformer
2025-11-06T15:03:53.006+05:30  INFO 20860 --- [CourseService] [restartedMain] com.zaxxer.hikari.HikariDataSource       : HikariPool-3 - Starting...
2025-11-06T15:03:53.059+05:30  INFO 20860 --- [CourseService] [restartedMain] com.zaxxer.hikari.pool.HikariPool        : HikariPool-3 - Added connection org.postgresql.jdbc.PgConnection@e52cc64
2025-11-06T15:03:53.059+05:30  INFO 20860 --- [CourseService] [restartedMain] com.zaxxer.hikari.HikariDataSource       : HikariPool-3 - Start completed.
2025-11-06T15:03:53.069+05:30  WARN 20860 --- [CourseService] [restartedMain] org.hibernate.orm.deprecation            : HHH90000025: PostgreSQLDialect does not need to be specified explicitly using 'hibernate.dialect' (remove the property setting and it will be selected by default)
2025-11-06T15:03:53.071+05:30  INFO 20860 --- [CourseService] [restartedMain] org.hibernate.orm.connections.pooling    : HHH10001005: Database info:
	Database JDBC URL [Connecting through datasource 'HikariDataSource (HikariPool-3)']
	Database driver: undefined/unknown
	Database version: 17.6
	Autocommit mode: undefined/unknown
	Isolation level: undefined/unknown
	Minimum pool size: undefined/unknown
	Maximum pool size: undefined/unknown
2025-11-06T15:03:53.141+05:30  INFO 20860 --- [CourseService] [restartedMain] o.h.e.t.j.p.i.JtaPlatformInitiator       : HHH000489: No JTA platform available (set 'hibernate.transaction.jta.platform' to enable JTA platform integration)
2025-11-06T15:03:53.141+05:30 DEBUG 20860 --- [CourseService] [restartedMain] org.hibernate.SQL                        : 
    set client_min_messages = WARNING
2025-11-06T15:03:53.142+05:30 DEBUG 20860 --- [CourseService] [restartedMain] org.hibernate.SQL                        : 
    alter table if exists course 
       drop constraint if exists FKqk2yq2yk124dhlsilomy36qr9
2025-11-06T15:03:53.143+05:30 DEBUG 20860 --- [CourseService] [restartedMain] org.hibernate.SQL                        : 
    alter table if exists enrollment 
       drop constraint if exists FKbhhcqkw1px6yljqg92m0sh2gt
2025-11-06T15:03:53.143+05:30 DEBUG 20860 --- [CourseService] [restartedMain] org.hibernate.SQL                        : 
    alter table if exists enrollment 
       drop constraint if exists FKio7fsy3vhvfgv7c0gjk15nyk4
2025-11-06T15:03:53.143+05:30 DEBUG 20860 --- [CourseService] [restartedMain] org.hibernate.SQL                        : 
    drop table if exists course cascade
2025-11-06T15:03:53.144+05:30 DEBUG 20860 --- [CourseService] [restartedMain] org.hibernate.SQL                        : 
    drop table if exists enrollment cascade
2025-11-06T15:03:53.144+05:30 DEBUG 20860 --- [CourseService] [restartedMain] org.hibernate.SQL                        : 
    drop table if exists instructor cascade
2025-11-06T15:03:53.144+05:30 DEBUG 20860 --- [CourseService] [restartedMain] org.hibernate.SQL                        : 
    drop table if exists student cascade
2025-11-06T15:03:53.145+05:30 DEBUG 20860 --- [CourseService] [restartedMain] org.hibernate.SQL                        : 
    create table course (
        rating float(53),
        id bigint generated by default as identity,
        instructor_id bigint,
        description varchar(255),
        title varchar(255),
        primary key (id)
    )
2025-11-06T15:03:53.179+05:30 DEBUG 20860 --- [CourseService] [restartedMain] org.hibernate.SQL                        : 
    create table enrollment (
        progress float(53) not null,
        course_id bigint,
        id bigint generated by default as identity,
        student_id bigint,
        primary key (id)
    )
2025-11-06T15:03:53.183+05:30 DEBUG 20860 --- [CourseService] [restartedMain] org.hibernate.SQL                        : 
    create table instructor (
        id bigint generated by default as identity,
        expertise varchar(255),
        name varchar(255),
        primary key (id)
    )
2025-11-06T15:03:53.189+05:30 DEBUG 20860 --- [CourseService] [restartedMain] org.hibernate.SQL                        : 
    create table student (
        id bigint generated by default as identity,
        email varchar(255),
        name varchar(255),
        primary key (id)
    )
2025-11-06T15:03:53.194+05:30 DEBUG 20860 --- [CourseService] [restartedMain] org.hibernate.SQL                        : 
    alter table if exists course 
       add constraint FKqk2yq2yk124dhlsilomy36qr9 
       foreign key (instructor_id) 
       references instructor
2025-11-06T15:03:53.198+05:30 DEBUG 20860 --- [CourseService] [restartedMain] org.hibernate.SQL                        : 
    alter table if exists enrollment 
       add constraint FKbhhcqkw1px6yljqg92m0sh2gt 
       foreign key (course_id) 
       references course
2025-11-06T15:03:53.200+05:30 DEBUG 20860 --- [CourseService] [restartedMain] org.hibernate.SQL                        : 
    alter table if exists enrollment 
       add constraint FKio7fsy3vhvfgv7c0gjk15nyk4 
       foreign key (student_id) 
       references student
2025-11-06T15:03:53.203+05:30  INFO 20860 --- [CourseService] [restartedMain] j.LocalContainerEntityManagerFactoryBean : Initialized JPA EntityManagerFactory for persistence unit 'default'
2025-11-06T15:03:53.645+05:30  WARN 20860 --- [CourseService] [restartedMain] JpaBaseConfiguration$JpaWebConfiguration : spring.jpa.open-in-view is enabled by default. Therefore, database queries may be performed during view rendering. Explicitly configure spring.jpa.open-in-view to disable this warning
2025-11-06T15:03:54.536+05:30  WARN 20860 --- [CourseService] [restartedMain] o.s.b.d.a.OptionalLiveReloadServer       : Unable to start LiveReload server
2025-11-06T15:03:54.626+05:30  INFO 20860 --- [CourseService] [restartedMain] DiscoveryClientOptionalArgsConfiguration : Eureka HTTP Client uses RestTemplate.
2025-11-06T15:03:54.752+05:30  WARN 20860 --- [CourseService] [restartedMain] iguration$LoadBalancerCaffeineWarnLogger : Spring Cloud LoadBalancer is currently working with the default cache. While this cache implementation is useful for development and tests, it's recommended to use Caffeine cache in production.You can switch to using Caffeine cache, by adding it and org.springframework.cache.caffeine.CaffeineCacheManager to the classpath.
2025-11-06T15:03:54.776+05:30  INFO 20860 --- [CourseService] [restartedMain] o.s.c.n.eureka.InstanceInfoFactory       : Setting initial instance status as: STARTING
2025-11-06T15:03:54.780+05:30  INFO 20860 --- [CourseService] [restartedMain] com.netflix.discovery.DiscoveryClient    : Initializing Eureka in region us-east-1
2025-11-06T15:03:54.780+05:30  INFO 20860 --- [CourseService] [restartedMain] c.n.d.s.r.aws.ConfigClusterResolver      : Resolving eureka endpoints via configuration
2025-11-06T15:03:54.780+05:30  INFO 20860 --- [CourseService] [restartedMain] com.netflix.discovery.DiscoveryClient    : Disable delta property : false
2025-11-06T15:03:54.780+05:30  INFO 20860 --- [CourseService] [restartedMain] com.netflix.discovery.DiscoveryClient    : Single vip registry refresh property : null
2025-11-06T15:03:54.780+05:30  INFO 20860 --- [CourseService] [restartedMain] com.netflix.discovery.DiscoveryClient    : Force full registry fetch : false
2025-11-06T15:03:54.780+05:30  INFO 20860 --- [CourseService] [restartedMain] com.netflix.discovery.DiscoveryClient    : Application is null : false
2025-11-06T15:03:54.780+05:30  INFO 20860 --- [CourseService] [restartedMain] com.netflix.discovery.DiscoveryClient    : Registered Applications size is zero : true
2025-11-06T15:03:54.780+05:30  INFO 20860 --- [CourseService] [restartedMain] com.netflix.discovery.DiscoveryClient    : Application version is -1: true
2025-11-06T15:03:54.780+05:30  INFO 20860 --- [CourseService] [restartedMain] com.netflix.discovery.DiscoveryClient    : Getting all instance registry info from the eureka server
2025-11-06T15:03:54.816+05:30  INFO 20860 --- [CourseService] [restartedMain] com.netflix.discovery.DiscoveryClient    : The response status is 200
2025-11-06T15:03:54.816+05:30  INFO 20860 --- [CourseService] [restartedMain] com.netflix.discovery.DiscoveryClient    : Starting heartbeat executor: renew interval is: 30
2025-11-06T15:03:54.816+05:30  INFO 20860 --- [CourseService] [restartedMain] c.n.discovery.InstanceInfoReplicator     : InstanceInfoReplicator onDemand update allowed rate per min is 4
2025-11-06T15:03:54.816+05:30  INFO 20860 --- [CourseService] [restartedMain] com.netflix.discovery.DiscoveryClient    : Discovery Client initialized at timestamp 1762421634816 with initial instances count: 4
2025-11-06T15:03:54.826+05:30  INFO 20860 --- [CourseService] [restartedMain] o.s.c.n.e.s.EurekaServiceRegistry        : Registering application COURSESERVICE with eureka with status UP
2025-11-06T15:03:54.826+05:30  INFO 20860 --- [CourseService] [restartedMain] com.netflix.discovery.DiscoveryClient    : Saw local status change event StatusChangeEvent [timestamp=1762421634826, current=UP, previous=STARTING]
2025-11-06T15:03:54.827+05:30  INFO 20860 --- [CourseService] [DiscoveryClient-InstanceInfoReplicator-%d] com.netflix.discovery.DiscoveryClient    : DiscoveryClient_COURSESERVICE/host.docker.internal:CourseService:8081: registering service...
2025-11-06T15:03:54.829+05:30  INFO 20860 --- [CourseService] [restartedMain] o.s.b.w.embedded.tomcat.TomcatWebServer  : Tomcat started on port 8081 (http) with context path '/'
2025-11-06T15:03:54.829+05:30  INFO 20860 --- [CourseService] [restartedMain] .s.c.n.e.s.EurekaAutoServiceRegistration : Updating port to 8081
2025-11-06T15:03:54.836+05:30  INFO 20860 --- [CourseService] [DiscoveryClient-InstanceInfoReplicator-%d] com.netflix.discovery.DiscoveryClient    : DiscoveryClient_COURSESERVICE/host.docker.internal:CourseService:8081 - registration status: 204
2025-11-06T15:03:54.841+05:30  INFO 20860 --- [CourseService] [restartedMain] c.e.C.CourseServiceApplication           : Started CourseServiceApplication in 2.767 seconds (process running for 2311.258)
2025-11-06T15:03:54.842+05:30  INFO 20860 --- [CourseService] [restartedMain] .ConditionEvaluationDeltaLoggingListener : Condition evaluation unchanged
2025-11-06T15:04:24.830+05:30  INFO 20860 --- [CourseService] [DiscoveryClient-HeartbeatExecutor-%d] com.netflix.discovery.DiscoveryClient    : DiscoveryClient_COURSESERVICE/host.docker.internal:CourseService:8081 - Re-registering apps/COURSESERVICE
2025-11-06T15:04:24.830+05:30  INFO 20860 --- [CourseService] [DiscoveryClient-HeartbeatExecutor-%d] com.netflix.discovery.DiscoveryClient    : DiscoveryClient_COURSESERVICE/host.docker.internal:CourseService:8081: registering service...
2025-11-06T15:04:24.834+05:30  INFO 20860 --- [CourseService] [DiscoveryClient-HeartbeatExecutor-%d] com.netflix.discovery.DiscoveryClient    : DiscoveryClient_COURSESERVICE/host.docker.internal:CourseService:8081 - registration status: 204
2025-11-06T15:04:54.829+05:30  INFO 20860 --- [CourseService] [DiscoveryClient-CacheRefreshExecutor-%d] com.netflix.discovery.DiscoveryClient    : Disable delta property : false
2025-11-06T15:04:54.830+05:30  INFO 20860 --- [CourseService] [DiscoveryClient-CacheRefreshExecutor-%d] com.netflix.discovery.DiscoveryClient    : Single vip registry refresh property : null
2025-11-06T15:04:54.830+05:30  INFO 20860 --- [CourseService] [DiscoveryClient-CacheRefreshExecutor-%d] com.netflix.discovery.DiscoveryClient    : Force full registry fetch : false
2025-11-06T15:04:54.830+05:30  INFO 20860 --- [CourseService] [DiscoveryClient-CacheRefreshExecutor-%d] com.netflix.discovery.DiscoveryClient    : Application is null : false
2025-11-06T15:04:54.830+05:30  INFO 20860 --- [CourseService] [DiscoveryClient-CacheRefreshExecutor-%d] com.netflix.discovery.DiscoveryClient    : Registered Applications size is zero : true
2025-11-06T15:04:54.830+05:30  INFO 20860 --- [CourseService] [DiscoveryClient-CacheRefreshExecutor-%d] com.netflix.discovery.DiscoveryClient    : Application version is -1: false
2025-11-06T15:04:54.830+05:30  INFO 20860 --- [CourseService] [DiscoveryClient-CacheRefreshExecutor-%d] com.netflix.discovery.DiscoveryClient    : Getting all instance registry info from the eureka server
2025-11-06T15:04:54.840+05:30  INFO 20860 --- [CourseService] [DiscoveryClient-CacheRefreshExecutor-%d] com.netflix.discovery.DiscoveryClient    : The response status is 200
2025-11-06T15:08:54.782+05:30  INFO 20860 --- [CourseService] [AsyncResolver-bootstrap-executor-%d] c.n.d.s.r.aws.ConfigClusterResolver      : Resolving eureka endpoints via configuration
2025-11-06T15:13:54.784+05:30  INFO 20860 --- [CourseService] [AsyncResolver-bootstrap-executor-%d] c.n.d.s.r.aws.ConfigClusterResolver      : Resolving eureka endpoints via configuration
2025-11-06T15:17:59.524+05:30  WARN 20860 --- [CourseService] [HikariPool-3:housekeeper] com.zaxxer.hikari.pool.HikariPool        : HikariPool-3 - Thread starvation or clock leap detected (housekeeper delta=1m36s341ms694s).
2025-11-06T15:20:17.341+05:30  INFO 20860 --- [CourseService] [AsyncResolver-bootstrap-executor-%d] c.n.d.s.r.aws.ConfigClusterResolver      : Resolving eureka endpoints via configuration
2025-11-06T15:25:17.350+05:30  INFO 20860 --- [CourseService] [AsyncResolver-bootstrap-executor-%d] c.n.d.s.r.aws.ConfigClusterResolver      : Resolving eureka endpoints via configuration
2025-11-06T15:30:17.356+05:30  INFO 20860 --- [CourseService] [AsyncResolver-bootstrap-executor-%d] c.n.d.s.r.aws.ConfigClusterResolver      : Resolving eureka endpoints via configuration
2025-11-06T15:35:17.373+05:30  INFO 20860 --- [CourseService] [AsyncResolver-bootstrap-executor-%d] c.n.d.s.r.aws.ConfigClusterResolver      : Resolving eureka endpoints via configuration
2025-11-06T15:40:17.383+05:30  INFO 20860 --- [CourseService] [AsyncResolver-bootstrap-executor-%d] c.n.d.s.r.aws.ConfigClusterResolver      : Resolving eureka endpoints via configuration
2025-11-06T15:45:17.387+05:30  INFO 20860 --- [CourseService] [AsyncResolver-bootstrap-executor-%d] c.n.d.s.r.aws.ConfigClusterResolver      : Resolving eureka endpoints via configuration
2025-11-06T15:50:17.397+05:30  INFO 20860 --- [CourseService] [AsyncResolver-bootstrap-executor-%d] c.n.d.s.r.aws.ConfigClusterResolver      : Resolving eureka endpoints via configuration
2025-11-06T15:55:17.398+05:30  INFO 20860 --- [CourseService] [AsyncResolver-bootstrap-executor-%d] c.n.d.s.r.aws.ConfigClusterResolver      : Resolving eureka endpoints via configuration
2025-11-06T16:00:17.404+05:30  INFO 20860 --- [CourseService] [AsyncResolver-bootstrap-executor-%d] c.n.d.s.r.aws.ConfigClusterResolver      : Resolving eureka endpoints via configuration
2025-11-06T16:05:17.411+05:30  INFO 20860 --- [CourseService] [AsyncResolver-bootstrap-executor-%d] c.n.d.s.r.aws.ConfigClusterResolver      : Resolving eureka endpoints via configuration
2025-11-06T16:10:17.930+05:30  INFO 20860 --- [CourseService] [AsyncResolver-bootstrap-executor-%d] c.n.d.s.r.aws.ConfigClusterResolver      : Resolving eureka endpoints via configuration
2025-11-06T17:04:17.540+05:30  WARN 20860 --- [CourseService] [HikariPool-3:housekeeper] com.zaxxer.hikari.pool.HikariPool        : HikariPool-3 - Thread starvation or clock leap detected (housekeeper delta=53m47s187ms490s100ns).
2025-11-06T17:09:38.530+05:30  WARN 20860 --- [CourseService] [HikariPool-3:housekeeper] com.zaxxer.hikari.pool.HikariPool        : HikariPool-3 - Thread starvation or clock leap detected (housekeeper delta=1m52s103ms446s800ns).
2025-11-06T17:10:20.229+05:30  INFO 20860 --- [CourseService] [AsyncResolver-bootstrap-executor-%d] c.n.d.s.r.aws.ConfigClusterResolver      : Resolving eureka endpoints via configuration
2025-11-06T17:15:20.231+05:30  INFO 20860 --- [CourseService] [AsyncResolver-bootstrap-executor-%d] c.n.d.s.r.aws.ConfigClusterResolver      : Resolving eureka endpoints via configuration
2025-11-06T17:20:20.237+05:30  INFO 20860 --- [CourseService] [AsyncResolver-bootstrap-executor-%d] c.n.d.s.r.aws.ConfigClusterResolver      : Resolving eureka endpoints via configuration
2025-11-06T17:25:20.243+05:30  INFO 20860 --- [CourseService] [AsyncResolver-bootstrap-executor-%d] c.n.d.s.r.aws.ConfigClusterResolver      : Resolving eureka endpoints via configuration
2025-11-06T17:30:20.245+05:30  INFO 20860 --- [CourseService] [AsyncResolver-bootstrap-executor-%d] c.n.d.s.r.aws.ConfigClusterResolver      : Resolving eureka endpoints via configuration
2025-11-06T17:35:20.252+05:30  INFO 20860 --- [CourseService] [AsyncResolver-bootstrap-executor-%d] c.n.d.s.r.aws.ConfigClusterResolver      : Resolving eureka endpoints via configuration
2025-11-06T17:40:20.267+05:30  INFO 20860 --- [CourseService] [AsyncResolver-bootstrap-executor-%d] c.n.d.s.r.aws.ConfigClusterResolver      : Resolving eureka endpoints via configuration
2025-11-06T17:45:20.281+05:30  INFO 20860 --- [CourseService] [AsyncResolver-bootstrap-executor-%d] c.n.d.s.r.aws.ConfigClusterResolver      : Resolving eureka endpoints via configuration
2025-11-06T17:50:20.284+05:30  INFO 20860 --- [CourseService] [AsyncResolver-bootstrap-executor-%d] c.n.d.s.r.aws.ConfigClusterResolver      : Resolving eureka endpoints via configuration
2025-11-06T17:55:20.289+05:30  INFO 20860 --- [CourseService] [AsyncResolver-bootstrap-executor-%d] c.n.d.s.r.aws.ConfigClusterResolver      : Resolving eureka endpoints via configuration
2025-11-06T18:00:20.303+05:30  INFO 20860 --- [CourseService] [AsyncResolver-bootstrap-executor-%d] c.n.d.s.r.aws.ConfigClusterResolver      : Resolving eureka endpoints via configuration
2025-11-06T18:05:20.315+05:30  INFO 20860 --- [CourseService] [AsyncResolver-bootstrap-executor-%d] c.n.d.s.r.aws.ConfigClusterResolver      : Resolving eureka endpoints via configuration
